<?xml version="1.0" encoding="UTF-8"?>
<!-- Generated by org.testng.reporters.JUnitXMLReporter -->
<testsuite ignored="0" hostname="suraj-pavilion" failures="0" tests="2" name="Default test" time="1.824" errors="0" timestamp="2025-04-17T12:15:39 IST">
  <testcase classname="com.ninza.hrm.api.employeeTest.EmployeeTest" name="addEmployee" time="1.707"/>
  <testcase classname="com.ninza.hrm.api.employeeTest.EmployeeTest" name="addEmployeeWithOutEmail" time="0.078"/>
</testsuite> <!-- Default test -->
