<?xml version="1.0" encoding="UTF-8"?>
<!-- Generated by org.testng.reporters.JUnitXMLReporter -->
<testsuite ignored="2" hostname="suraj-pavilion" failures="0" tests="4" name="Test" time="2.58" errors="0" timestamp="2025-04-17T12:51:32 IST">
  <testcase classname="com.ninza.hrm.api.employeeTest.EmployeeTest" name="addEmployee" time="1.674"/>
  <testcase classname="com.ninza.hrm.api.employeeTest.EmployeeTest" name="addEmployeeWithOutEmail" time="0.074"/>
  <testcase classname="com.ninza.hrm.api.projectTest.ProjectTest" name="addSingleProjectWithCreatedTest" time="0.754"/>
  <testcase classname="com.ninza.hrm.api.projectTest.ProjectTest" name="createAddDuplicateProject" time="0.026"/>
  <testcase classname="com.ninza.hrm.api.baseClass.BaseApiClass" name="@BeforeSuite configBS" time="0.0">
    <ignored/>
  </testcase> <!-- @BeforeSuite configBS -->
  <testcase classname="com.ninza.hrm.api.baseClass.BaseApiClass" name="@AfterSuite configAS" time="0.0">
    <ignored/>
  </testcase> <!-- @AfterSuite configAS -->
</testsuite> <!-- Test -->
