<?xml version="1.0" encoding="UTF-8"?>
<testng-results ignored="0" total="4" passed="4" failed="0" skipped="0">
  <reporter-output>
  </reporter-output>
  <suite started-at="2025-04-17T12:51:29 IST" name="Suite" finished-at="2025-04-17T12:51:31 IST" duration-ms="2580">
    <groups>
    </groups>
    <test started-at="2025-04-17T12:51:29 IST" name="Test" finished-at="2025-04-17T12:51:31 IST" duration-ms="2580">
      <class name="com.ninza.hrm.api.employeeTest.EmployeeTest">
        <test-method is-config="true" signature="configBS()[pri:0, instance:com.ninza.hrm.api.employeeTest.EmployeeTest@7f0eb4b4]" started-at="2025-04-17T12:51:28 IST" name="configBS" finished-at="2025-04-17T12:51:29 IST" duration-ms="967" status="PASS">
          <reporter-output>
          </reporter-output>
        </test-method> <!-- configBS -->
        <test-method signature="addEmployee()[pri:0, instance:com.ninza.hrm.api.employeeTest.EmployeeTest@7f0eb4b4]" started-at="2025-04-17T12:51:29 IST" name="addEmployee" finished-at="2025-04-17T12:51:31 IST" duration-ms="1674" status="PASS">
          <reporter-output>
          </reporter-output>
        </test-method> <!-- addEmployee -->
        <test-method signature="addEmployeeWithOutEmail()[pri:0, instance:com.ninza.hrm.api.employeeTest.EmployeeTest@7f0eb4b4]" started-at="2025-04-17T12:51:31 IST" name="addEmployeeWithOutEmail" finished-at="2025-04-17T12:51:31 IST" duration-ms="74" status="PASS">
          <reporter-output>
          </reporter-output>
        </test-method> <!-- addEmployeeWithOutEmail -->
        <test-method is-config="true" signature="configAS()[pri:0, instance:com.ninza.hrm.api.employeeTest.EmployeeTest@7f0eb4b4]" started-at="2025-04-17T12:51:32 IST" name="configAS" finished-at="2025-04-17T12:51:32 IST" duration-ms="8" status="PASS">
          <reporter-output>
          </reporter-output>
        </test-method> <!-- configAS -->
      </class> <!-- com.ninza.hrm.api.employeeTest.EmployeeTest -->
      <class name="com.ninza.hrm.api.projectTest.ProjectTest">
        <test-method signature="addSingleProjectWithCreatedTest()[pri:0, instance:com.ninza.hrm.api.projectTest.ProjectTest@49139829]" started-at="2025-04-17T12:51:31 IST" name="addSingleProjectWithCreatedTest" finished-at="2025-04-17T12:51:31 IST" duration-ms="754" status="PASS">
          <reporter-output>
          </reporter-output>
        </test-method> <!-- addSingleProjectWithCreatedTest -->
        <test-method signature="createAddDuplicateProject()[pri:0, instance:com.ninza.hrm.api.projectTest.ProjectTest@49139829]" started-at="2025-04-17T12:51:31 IST" name="createAddDuplicateProject" finished-at="2025-04-17T12:51:31 IST" depends-on-methods="com.ninza.hrm.api.projectTest.ProjectTest.addSingleProjectWithCreatedTest" duration-ms="26" status="PASS">
          <reporter-output>
          </reporter-output>
        </test-method> <!-- createAddDuplicateProject -->
      </class> <!-- com.ninza.hrm.api.projectTest.ProjectTest -->
    </test> <!-- Test -->
  </suite> <!-- Suite -->
</testng-results>
