<?xml version="1.0" encoding="UTF-8"?>
<testsuite xmlns:xsi="http://www.w3.org/2001/XMLSchema-instance" xsi:noNamespaceSchemaLocation="https://maven.apache.org/surefire/maven-surefire-plugin/xsd/surefire-test-report.xsd" version="3.0.2" name="TestSuite" time="4.208" tests="4" errors="0" skipped="0" failures="0">
  <properties>
[...]
</properties>
  <testcase name="addEmployee" classname="com.ninza.hrm.api.employeeTest.EmployeeTest" time="1.676">
    <system-out><![CDATA[----Connection Successful----
=============Connect to DB=============
HTTP/1.1 201 
Vary: Origin
Vary: Access-Control-Request-Method
Vary: Access-Control-Request-Headers
X-Content-Type-Options: nosniff
X-XSS-Protection: 1; mode=block
Cache-Control: no-cache, no-store, max-age=0, must-revalidate
Pragma: no-cache
Expires: 0
X-Frame-Options: DENY
Content-Type: application/json
Transfer-Encoding: chunked
Date: Thu, 17 Apr 2025 07:21:30 GMT
Keep-Alive: timeout=60
Connection: keep-alive

{
    "msg": "Successfully Added",
    "createdBy": "Ryzen",
    "projectName": "Pulse3167",
    "projectId": "NH_PROJ_25848",
    "createdOn": "17/04/2025",
    "status": "Created"
}
HTTP/1.1 201 
Vary: Origin
Vary: Access-Control-Request-Method
Vary: Access-Control-Request-Headers
X-Content-Type-Options: nosniff
X-XSS-Protection: 1; mode=block
Cache-Control: no-cache, no-store, max-age=0, must-revalidate
Pragma: no-cache
Expires: 0
X-Frame-Options: DENY
Content-Type: application/json
Transfer-Encoding: chunked
Date: Thu, 17 Apr 2025 07:21:30 GMT
Keep-Alive: timeout=60
Connection: keep-alive

{
    "msg": "Employee Added Successfully",
    "employeeName": "Modi3261",
    "dob": "21/05/1985",
    "mobile": "9087654321",
    "employeeId": "NH_03509",
    "email": "Architect@gmail.com",
    "username": "Trumps4228"
}
Trumps4228 ===> Data verified in data base table
]]></system-out>
    <system-err><![CDATA[SLF4J: Failed to load class "org.slf4j.impl.StaticLoggerBinder".
SLF4J: Defaulting to no-operation (NOP) logger implementation
SLF4J: See http://www.slf4j.org/codes.html#StaticLoggerBinder for further details.
Apr 17, 2025 12:51:28 PM io.opentelemetry.api.GlobalOpenTelemetry maybeAutoConfigureAndSetGlobal
INFO: AutoConfiguredOpenTelemetrySdk found on classpath but automatic configuration is disabled. To enable, run your JVM with -Dotel.java.global-autoconfigure.enabled=true
]]></system-err>
  </testcase>
  <testcase name="addEmployeeWithOutEmail" classname="com.ninza.hrm.api.employeeTest.EmployeeTest" time="0.074">
    <system-out><![CDATA[HTTP/1.1 201 
Vary: Origin
Vary: Access-Control-Request-Method
Vary: Access-Control-Request-Headers
X-Content-Type-Options: nosniff
X-XSS-Protection: 1; mode=block
Cache-Control: no-cache, no-store, max-age=0, must-revalidate
Pragma: no-cache
Expires: 0
X-Frame-Options: DENY
Content-Type: application/json
Transfer-Encoding: chunked
Date: Thu, 17 Apr 2025 07:21:30 GMT
Keep-Alive: timeout=60
Connection: keep-alive

{
    "msg": "Successfully Added",
    "createdBy": "Ryzen",
    "projectName": "Pulse3212",
    "projectId": "NH_PROJ_25849",
    "createdOn": "17/04/2025",
    "status": "Created"
}
HTTP/1.1 500 
Vary: Origin
Vary: Access-Control-Request-Method
Vary: Access-Control-Request-Headers
X-Content-Type-Options: nosniff
X-XSS-Protection: 1; mode=block
Cache-Control: no-cache, no-store, max-age=0, must-revalidate
Pragma: no-cache
Expires: 0
X-Frame-Options: DENY
Content-Type: application/json
Transfer-Encoding: chunked
Date: Thu, 17 Apr 2025 07:21:30 GMT
Connection: close

{
    "timestamp": "2025-04-17T07:21:30.793+00:00",
    "message": "Enter a valid email ID",
    "details": "uri=/employees"
}
]]></system-out>
  </testcase>
  <testcase name="addSingleProjectWithCreatedTest" classname="com.ninza.hrm.api.projectTest.ProjectTest" time="0.755">
    <system-out><![CDATA[HTTP/1.1 201 
Vary: Origin
Vary: Access-Control-Request-Method
Vary: Access-Control-Request-Headers
X-Content-Type-Options: nosniff
X-XSS-Protection: 1; mode=block
Cache-Control: no-cache, no-store, max-age=0, must-revalidate
Pragma: no-cache
Expires: 0
X-Frame-Options: DENY
Content-Type: application/json
Transfer-Encoding: chunked
Date: Thu, 17 Apr 2025 07:21:30 GMT
Keep-Alive: timeout=60
Connection: keep-alive

{
    "msg": "Successfully Added",
    "createdBy": "Ryzen",
    "projectName": "Pulse4928",
    "projectId": "NH_PROJ_25850",
    "createdOn": "17/04/2025",
    "status": "Created"
}
Pulse4928 ===> Data verified in data base table
]]></system-out>
  </testcase>
  <testcase name="createAddDuplicateProject" classname="com.ninza.hrm.api.projectTest.ProjectTest" time="0.029">
    <system-out><![CDATA[HTTP/1.1 409 
Vary: Origin
Vary: Access-Control-Request-Method
Vary: Access-Control-Request-Headers
X-Content-Type-Options: nosniff
X-XSS-Protection: 1; mode=block
Cache-Control: no-cache, no-store, max-age=0, must-revalidate
Pragma: no-cache
Expires: 0
X-Frame-Options: DENY
Content-Type: application/json
Transfer-Encoding: chunked
Date: Thu, 17 Apr 2025 07:21:31 GMT
Keep-Alive: timeout=60
Connection: keep-alive

{
    "timestamp": "2025-04-17T07:21:31.582+00:00",
    "message": "The Project Name :Pulse4928 Already Exists",
    "details": "uri=/addProject"
}
]]></system-out>
  </testcase>
</testsuite>